running egg_info
creating ../../build/package/package.egg-info
writing ../../build/package/package.egg-info/PKG-INFO
writing dependency_links to ../../build/package/package.egg-info/dependency_links.txt
writing entry points to ../../build/package/package.egg-info/entry_points.txt
writing requirements to ../../build/package/package.egg-info/requires.txt
writing top-level names to ../../build/package/package.egg-info/top_level.txt
writing manifest file '../../build/package/package.egg-info/SOURCES.txt'
reading manifest file '../../build/package/package.egg-info/SOURCES.txt'
writing manifest file '../../build/package/package.egg-info/SOURCES.txt'
running build
running build_py
creating /home/ros2/ros2_ws/build/package/build
creating /home/ros2/ros2_ws/build/package/build/lib
creating /home/ros2/ros2_ws/build/package/build/lib/package
copying package/led_publisher.py -> /home/ros2/ros2_ws/build/package/build/lib/package
copying package/__init__.py -> /home/ros2/ros2_ws/build/package/build/lib/package
running install
running install_lib
creating /home/ros2/ros2_ws/install/package/lib/python3.8/site-packages/package
copying /home/ros2/ros2_ws/build/package/build/lib/package/led_publisher.py -> /home/ros2/ros2_ws/install/package/lib/python3.8/site-packages/package
copying /home/ros2/ros2_ws/build/package/build/lib/package/__init__.py -> /home/ros2/ros2_ws/install/package/lib/python3.8/site-packages/package
byte-compiling /home/ros2/ros2_ws/install/package/lib/python3.8/site-packages/package/led_publisher.py to led_publisher.cpython-38.pyc
byte-compiling /home/ros2/ros2_ws/install/package/lib/python3.8/site-packages/package/__init__.py to __init__.cpython-38.pyc
running install_data
creating /home/ros2/ros2_ws/install/package/share/ament_index
creating /home/ros2/ros2_ws/install/package/share/ament_index/resource_index
creating /home/ros2/ros2_ws/install/package/share/ament_index/resource_index/packages
copying resource/package -> /home/ros2/ros2_ws/install/package/share/ament_index/resource_index/packages
copying package.xml -> /home/ros2/ros2_ws/install/package/share/package
running install_egg_info
Copying ../../build/package/package.egg-info to /home/ros2/ros2_ws/install/package/lib/python3.8/site-packages/package-0.0.0-py3.8.egg-info
running install_scripts
Installing led_publisher script to /home/ros2/ros2_ws/install/package/lib/package
writing list of installed files to '/home/ros2/ros2_ws/build/package/install.log'
