/home/ros2/ros2_ws/install/package/lib/python3.8/site-packages/package/led_controller.py
/home/ros2/ros2_ws/install/package/lib/python3.8/site-packages/package/led_subscriber.py
/home/ros2/ros2_ws/install/package/lib/python3.8/site-packages/package/led_publisher.py
/home/ros2/ros2_ws/install/package/lib/python3.8/site-packages/package/__init__.py
/home/ros2/ros2_ws/install/package/lib/python3.8/site-packages/package/__pycache__/led_controller.cpython-38.pyc
/home/ros2/ros2_ws/install/package/lib/python3.8/site-packages/package/__pycache__/led_subscriber.cpython-38.pyc
/home/ros2/ros2_ws/install/package/lib/python3.8/site-packages/package/__pycache__/led_publisher.cpython-38.pyc
/home/ros2/ros2_ws/install/package/lib/python3.8/site-packages/package/__pycache__/__init__.cpython-38.pyc
/home/ros2/ros2_ws/install/package/share/ament_index/resource_index/packages/package
/home/ros2/ros2_ws/install/package/share/package/package.xml
/home/ros2/ros2_ws/install/package/lib/python3.8/site-packages/package-0.0.0-py3.8.egg-info/top_level.txt
/home/ros2/ros2_ws/install/package/lib/python3.8/site-packages/package-0.0.0-py3.8.egg-info/entry_points.txt
/home/ros2/ros2_ws/install/package/lib/python3.8/site-packages/package-0.0.0-py3.8.egg-info/zip-safe
/home/ros2/ros2_ws/install/package/lib/python3.8/site-packages/package-0.0.0-py3.8.egg-info/dependency_links.txt
/home/ros2/ros2_ws/install/package/lib/python3.8/site-packages/package-0.0.0-py3.8.egg-info/requires.txt
/home/ros2/ros2_ws/install/package/lib/python3.8/site-packages/package-0.0.0-py3.8.egg-info/PKG-INFO
/home/ros2/ros2_ws/install/package/lib/python3.8/site-packages/package-0.0.0-py3.8.egg-info/SOURCES.txt
/home/ros2/ros2_ws/install/package/lib/package/led_controller
/home/ros2/ros2_ws/install/package/lib/package/led_publisher
/home/ros2/ros2_ws/install/package/lib/package/led_subscriber
