running egg_info
writing ../../build/package/package.egg-info/PKG-INFO
writing dependency_links to ../../build/package/package.egg-info/dependency_links.txt
writing entry points to ../../build/package/package.egg-info/entry_points.txt
writing requirements to ../../build/package/package.egg-info/requires.txt
writing top-level names to ../../build/package/package.egg-info/top_level.txt
reading manifest file '../../build/package/package.egg-info/SOURCES.txt'
writing manifest file '../../build/package/package.egg-info/SOURCES.txt'
running build
running build_py
copying package/led_subscriber.py -> /home/ros2/ros2_ws/build/package/build/lib/package
running install
running install_lib
copying /home/ros2/ros2_ws/build/package/build/lib/package/led_subscriber.py -> /home/ros2/ros2_ws/install/package/lib/python3.8/site-packages/package
byte-compiling /home/ros2/ros2_ws/install/package/lib/python3.8/site-packages/package/led_subscriber.py to led_subscriber.cpython-38.pyc
running install_data
running install_egg_info
removing '/home/ros2/ros2_ws/install/package/lib/python3.8/site-packages/package-0.0.0-py3.8.egg-info' (and everything under it)
Copying ../../build/package/package.egg-info to /home/ros2/ros2_ws/install/package/lib/python3.8/site-packages/package-0.0.0-py3.8.egg-info
running install_scripts
Installing led_publisher script to /home/ros2/ros2_ws/install/package/lib/package
Installing led_subscriber script to /home/ros2/ros2_ws/install/package/lib/package
writing list of installed files to '/home/ros2/ros2_ws/build/package/install.log'
